[handleMsg]:  {
  key: {
    remoteJid: '5214641074824@s.whatsapp.net',
    fromMe: false,
    id: '768F5DD011BCADDCA3E23746C84098AA',
    participant: undefined
  },
  messageTimestamp: 1708049482,
  pushName: 'Neftali Ramírez',
  broadcast: false,
  message: Message {
    conversation: 'Me siento mal',
    messageContextInfo: MessageContextInfo {
      deviceListMetadata: [DeviceListMetadata],
      deviceListMetadataVersion: 2
    }
  },
  body: 'Me siento mal',
  from: '5214641074824'
}
[QUEUE_SE_ENVIO]:  {
  ref: 'ans_f00824cc-78ef-48bc-9bb1-cb22b2949fa5',
  keyword: 'key_0ee2540e-8d0a-4e73-8088-b7a20d4f1f98',
  answer: 'No te preocupes,todo mejorará',
  options: {
    media: null,
    buttons: [],
    capture: false,
    child: null,
    delay: 0,
    idle: null,
    ref: null,
    nested: [],
    keyword: {},
    callback: false
  },
  refSerialize: '6e912236b7e69da7f3212912e41a97e3'
}
[QUEUE_SE_ENVIO]:  {
  ref: 'ans_0e1cf61f-8a85-47d0-a90d-7ae3f3760d6a',
  keyword: 'ans_f00824cc-78ef-48bc-9bb1-cb22b2949fa5',
  answer: '¿Te gustaría platicar con nosotras?',
  options: {
    media: null,
    buttons: [],
    capture: false,
    child: null,
    delay: 0,
    idle: null,
    ref: null,
    nested: [],
    keyword: {},
    callback: false
  },
  refSerialize: 'aea5cd1311d3c5f155973ce91a29deb9'
}
[handleMsg]:  {
  key: {
    remoteJid: '5214641074824@s.whatsapp.net',
    fromMe: false,
    id: 'B4FFA932AE93CC815A69DFAA170470B5',
    participant: undefined
  },
  messageTimestamp: 1708049495,
  pushName: 'Neftali Ramírez',
  broadcast: false,
  message: Message {
    conversation: 'Adios',
    messageContextInfo: MessageContextInfo {
      deviceListMetadata: [DeviceListMetadata],
      deviceListMetadataVersion: 2
    }
  },
  body: 'Adios',
  from: '5214641074824'
}
[handleMsg]:  {
  key: {
    remoteJid: '5214641074824@s.whatsapp.net',
    fromMe: false,
    id: '9BADEEB9D62E3DEFA933DAD4D7F28F1D',
    participant: undefined
  },
  messageTimestamp: 1708049508,
  pushName: 'Neftali Ramírez',
  broadcast: false,
  message: Message {
    conversation: 'Bye',
    messageContextInfo: MessageContextInfo {
      deviceListMetadata: [DeviceListMetadata],
      deviceListMetadataVersion: 2
    }
  },
  body: 'Bye',
  from: '5214641074824'
}
[QUEUE_SE_ENVIO]:  {
  ref: 'ans_b807bd4d-00d6-481d-8cfc-cebb56df6b0c',
  keyword: 'key_12d4c7e6-c534-4f30-8c68-2183e68ebfae',
  answer: 'Nos vemos pronto.',
  options: {
    media: null,
    buttons: [],
    capture: false,
    child: null,
    delay: 0,
    idle: null,
    ref: null,
    nested: [],
    keyword: {},
    callback: false
  },
  refSerialize: '96189faccd9c69fbf3f2a36881fd1e66'
}
[QUEUE_SE_ENVIO]:  {
  ref: 'ans_082f5065-acc5-4488-a615-23630941e4f8',
  keyword: 'ans_b807bd4d-00d6-481d-8cfc-cebb56df6b0c',
  answer: 'Fue un gusto saludarte :)',
  options: {
    media: null,
    buttons: [],
    capture: false,
    child: null,
    delay: 0,
    idle: null,
    ref: null,
    nested: [],
    keyword: {},
    callback: false
  },
  refSerialize: '297e46bb8f2bc05769241fb356fd8df4'
}
