5214641479724:ENCOLADO ans_097d83bb-ac61-4528-99fc-074c68f59b59
EJECUTANDO:ans_097d83bb-ac61-4528-99fc-074c68f59b59
5214641479724:SUCCESS
5214641479724:ENCOLADO ans_a8f9d690-cffa-4968-ab24-5dcaa2a423c5
EJECUTANDO:ans_a8f9d690-cffa-4968-ab24-5dcaa2a423c5
5214641479724:SUCCESS
5214641479724:ENCOLADO ans_f6271b40-9d35-48b1-a3f4-3bfdadfddfc5
EJECUTANDO:ans_f6271b40-9d35-48b1-a3f4-3bfdadfddfc5
5214641479724:SUCCESS
5214641479724:ENCOLADO ans_5ecb0e34-cf81-44ac-8317-33a3e8dd1c00
EJECUTANDO:ans_5ecb0e34-cf81-44ac-8317-33a3e8dd1c00
5214641479724:SUCCESS
5214641479724:ENCOLADO ans_c65dc593-54a9-4342-ae9a-189d4c579ae3
EJECUTANDO:ans_c65dc593-54a9-4342-ae9a-189d4c579ae3
5214641479724:SUCCESS
5214641479724:ENCOLADO ans_da35d96c-16f5-4651-8173-069253c396bd
EJECUTANDO:ans_da35d96c-16f5-4651-8173-069253c396bd
5214641479724:SUCCESS
5214641479724:ENCOLADO ans_b5bce8bd-fdf0-4c3f-9d65-1e346789c0e1
EJECUTANDO:ans_b5bce8bd-fdf0-4c3f-9d65-1e346789c0e1
5214641479724:SUCCESS
